<?xml version="1.0" encoding="UTF-8"?>
<!-- Generated by org.testng.reporters.JUnitReportReporter -->
<testsuite hostname="DESKTOP-VLKFA8F" failures="0" tests="1" name="com.AlibabaTestScript.TestCase1" time="0.006" errors="0" timestamp="2024-07-02T10:16:52 IST" skipped="0">
  <testcase classname="com.AlibabaTestScript.TestCase1" name="tc1" time="0.006"/>
  <system-out/>
</testsuite> <!-- com.AlibabaTestScript.TestCase1 -->
